[debug] [2025-03-06T15:19:38.415Z] [Firebase Plugin] Activating Firebase extension.
[debug] [2025-03-06T15:19:41.770Z] [Firebase Plugin] VSCode notification server listening on port 40001
[info] [Firebase Plugin] Starting Data Connect toolkit (version 1.8.3) on port 50001
[debug] [2025-03-06T15:19:47.964Z] I0306 10:19:47.956985   21540 control.go:59] [/emulator/great-reads 0174] UpdateResources(): done
Schema: sources: schema\schema.gql [2348B] 
Connector "default": sources: connector\mutations.gql [1233B] connector\queries.gql [1802B] 
 {"metadata":{"emulator":{"name":"dataconnect"},"message":"I0306 10:19:47.956985   21540 control.go:59] [/emulator/great-reads 0174] UpdateResources(): done\nSchema: sources: schema\\schema.gql [2348B] \nConnector \"default\": sources: connector\\mutations.gql [1233B] connector\\queries.gql [1802B] \n"}}
[debug] [2025-03-06T15:19:47.965Z] Ignoring unsupported arg: auto_download {"metadata":{"emulator":{"name":"dataconnect"},"message":"Ignoring unsupported arg: auto_download"}}
[debug] [2025-03-06T15:19:47.966Z] Ignoring unsupported arg: port {"metadata":{"emulator":{"name":"dataconnect"},"message":"Ignoring unsupported arg: port"}}
[debug] [2025-03-06T15:19:47.966Z] Starting Data Connect Emulator with command {"binary":"C:\\Users\\mgross10\\.cache\\firebase\\emulators\\dataconnect-emulator-1.8.3.exe","args":["--logtostderr","-v=2","dev","--listen=localhost:50001","--config_dir=c:\\Users\\mgross10\\GreatReads\\dataconnect","--enable_output_schema_extensions=true","--enable_output_generated_sdk=true"],"optionalArgs":["listen","config_dir","enable_output_schema_extensions","enable_output_generated_sdk"],"joinArgs":true,"shell":false,"port":9399} {"metadata":{"emulator":{"name":"dataconnect"},"message":"Starting Data Connect Emulator with command {\"binary\":\"C:\\\\Users\\\\mgross10\\\\.cache\\\\firebase\\\\emulators\\\\dataconnect-emulator-1.8.3.exe\",\"args\":[\"--logtostderr\",\"-v=2\",\"dev\",\"--listen=localhost:50001\",\"--config_dir=c:\\\\Users\\\\mgross10\\\\GreatReads\\\\dataconnect\",\"--enable_output_schema_extensions=true\",\"--enable_output_generated_sdk=true\"],\"optionalArgs\":[\"listen\",\"config_dir\",\"enable_output_schema_extensions\",\"enable_output_generated_sdk\"],\"joinArgs\":true,\"shell\":false,\"port\":9399}"}}
[info] i  dataconnect: Data Connect Emulator logging to dataconnect-debug.log {"metadata":{"emulator":{"name":"dataconnect"},"message":"Data Connect Emulator logging to \u001b[1mdataconnect-debug.log\u001b[22m"}}
[debug] [2025-03-06T15:19:50.147Z] I0306 10:19:48.020149   21460 load.go:37] Reloading schema and connectors...
I0306 10:19:48.231845   21460 control.go:59] [/emulator/great-reads 00e0] UpdateResources(): done
Schema: sources: schema\schema.gql [2348B] 
Connector "default": sources: connector\mutations.gql [1233B] connector\queries.gql [1802B] 
I0306 10:19:48.256038   21460 codegen.go:82] [connector "default" javascriptSdk] Generating sources into "c:\\Users\\mgross10\\GreatReads\\dataconnect-generated\\js\\default-connector"
I0306 10:19:48.264776   21460 collector.go:107] schema extensions wrote into "c:\\Users\\mgross10\\GreatReads\\dataconnect\\.dataconnect\\schema"
Generated sources: prelude.gql [65582B] main\input.gql [4265B] main\relation.gql [211B] main\query.gql [1014B] main\mutation.gql [3161B] 
I0306 10:19:48.275248   21460 collector.go:107] connector "default" javascriptSdk wrote into "c:\\Users\\mgross10\\GreatReads\\dataconnect-generated\\js\\default-connector"
Generated sources: esm\package.json [17B] index.cjs.js [147B] package.json [634B] README.md [2740B] index.d.ts [322B] esm\index.esm.js [111B] 
I0306 10:19:48.320464   21460 installsdk.go:76] Running command: C:\Program Files\nodejs\npm.cmd install file:dataconnect-generated\js\default-connector
 {"metadata":{"emulator":{"name":"dataconnect"},"message":"I0306 10:19:48.020149   21460 load.go:37] Reloading schema and connectors...\nI0306 10:19:48.231845   21460 control.go:59] [/emulator/great-reads 00e0] UpdateResources(): done\nSchema: sources: schema\\schema.gql [2348B] \nConnector \"default\": sources: connector\\mutations.gql [1233B] connector\\queries.gql [1802B] \nI0306 10:19:48.256038   21460 codegen.go:82] [connector \"default\" javascriptSdk] Generating sources into \"c:\\\\Users\\\\mgross10\\\\GreatReads\\\\dataconnect-generated\\\\js\\\\default-connector\"\nI0306 10:19:48.264776   21460 collector.go:107] schema extensions wrote into \"c:\\\\Users\\\\mgross10\\\\GreatReads\\\\dataconnect\\\\.dataconnect\\\\schema\"\nGenerated sources: prelude.gql [65582B] main\\input.gql [4265B] main\\relation.gql [211B] main\\query.gql [1014B] main\\mutation.gql [3161B] \nI0306 10:19:48.275248   21460 collector.go:107] connector \"default\" javascriptSdk wrote into \"c:\\\\Users\\\\mgross10\\\\GreatReads\\\\dataconnect-generated\\\\js\\\\default-connector\"\nGenerated sources: esm\\package.json [17B] index.cjs.js [147B] package.json [634B] README.md [2740B] index.d.ts [322B] esm\\index.esm.js [111B] \nI0306 10:19:48.320464   21460 installsdk.go:76] Running command: C:\\Program Files\\nodejs\\npm.cmd install file:dataconnect-generated\\js\\default-connector\n"}}
[debug] [2025-03-06T15:19:51.757Z] I0306 10:19:51.751906   21460 load.go:115] Finished reloading
 {"metadata":{"emulator":{"name":"dataconnect"},"message":"I0306 10:19:51.751906   21460 load.go:115] Finished reloading\n"}}
[debug] [2025-03-06T15:19:51.868Z] I0306 10:19:51.777512   21460 dev.go:95] Listening on address (HTTP + gRPC): 127.0.0.1:50001
 {"metadata":{"emulator":{"name":"dataconnect"},"message":"I0306 10:19:51.777512   21460 dev.go:95] Listening on address (HTTP + gRPC): 127.0.0.1:50001\n"}}
[debug] [2025-03-06T15:19:52.063Z] I0306 10:19:52.063128   21460 engine.go:148] [/emulator/great-reads 00e0] ExecuteGraphqlRead IntrospectionQuery: succeeded. 
 {"metadata":{"emulator":{"name":"dataconnect"},"message":"I0306 10:19:52.063128   21460 engine.go:148] [/emulator/great-reads 00e0] ExecuteGraphqlRead IntrospectionQuery: succeeded. \n"}}
[info] [Firebase Plugin] Stopping Data Connect toolkit
[warn] !  Data Connect Emulator has exited upon receiving signal: SIGINT 
[debug] [2025-03-09T02:43:55.786Z] [Firebase Plugin] Activating Firebase extension.
[debug] [2025-03-09T02:43:59.153Z] [Firebase Plugin] VSCode notification server listening on port 40001
[info] [Firebase Plugin] Starting Data Connect toolkit (version 1.8.4) on port 50001
[info] i  dataconnect: downloading dataconnect-emulator-1.8.4.exe... {"metadata":{"emulator":{"name":"dataconnect"},"message":"downloading dataconnect-emulator-1.8.4.exe..."}}
[debug] [2025-03-09T02:44:01.831Z] >>> [apiv2][query] GET https://storage.googleapis.com/firemat-preview-drop/emulator/dataconnect-emulator-windows-v1.8.4 
[debug] [2025-03-09T02:44:02.376Z] <<< [apiv2][status] GET https://storage.googleapis.com/firemat-preview-drop/emulator/dataconnect-emulator-windows-v1.8.4 200
[debug] [2025-03-09T02:44:02.377Z] <<< [apiv2][body] GET https://storage.googleapis.com/firemat-preview-drop/emulator/dataconnect-emulator-windows-v1.8.4 [stream]
[info] i  dataconnect: Removing outdated emulator files: dataconnect-emulator-1.8.3.exe {"metadata":{"emulator":{"name":"dataconnect"},"message":"Removing outdated emulator files: dataconnect-emulator-1.8.3.exe"}}
[debug] [2025-03-09T02:44:09.949Z] I0308 21:44:09.942430    8680 control.go:59] [/emulator/great-reads 3816] UpdateResources(): done
Schema: sources: schema\schema.gql [2348B] 
Connector "default": sources: connector\mutations.gql [1233B] connector\queries.gql [1802B] 
 {"metadata":{"emulator":{"name":"dataconnect"},"message":"I0308 21:44:09.942430    8680 control.go:59] [/emulator/great-reads 3816] UpdateResources(): done\nSchema: sources: schema\\schema.gql [2348B] \nConnector \"default\": sources: connector\\mutations.gql [1233B] connector\\queries.gql [1802B] \n"}}
[debug] [2025-03-09T02:44:09.950Z] Ignoring unsupported arg: auto_download {"metadata":{"emulator":{"name":"dataconnect"},"message":"Ignoring unsupported arg: auto_download"}}
[debug] [2025-03-09T02:44:09.950Z] Ignoring unsupported arg: port {"metadata":{"emulator":{"name":"dataconnect"},"message":"Ignoring unsupported arg: port"}}
[debug] [2025-03-09T02:44:09.951Z] Starting Data Connect Emulator with command {"binary":"C:\\Users\\mgross10\\.cache\\firebase\\emulators\\dataconnect-emulator-1.8.4.exe","args":["--logtostderr","-v=2","dev","--listen=localhost:50001","--config_dir=c:\\Users\\mgross10\\GreatReads\\dataconnect","--enable_output_schema_extensions=true","--enable_output_generated_sdk=true"],"optionalArgs":["listen","config_dir","enable_output_schema_extensions","enable_output_generated_sdk"],"joinArgs":true,"shell":false,"port":9399} {"metadata":{"emulator":{"name":"dataconnect"},"message":"Starting Data Connect Emulator with command {\"binary\":\"C:\\\\Users\\\\mgross10\\\\.cache\\\\firebase\\\\emulators\\\\dataconnect-emulator-1.8.4.exe\",\"args\":[\"--logtostderr\",\"-v=2\",\"dev\",\"--listen=localhost:50001\",\"--config_dir=c:\\\\Users\\\\mgross10\\\\GreatReads\\\\dataconnect\",\"--enable_output_schema_extensions=true\",\"--enable_output_generated_sdk=true\"],\"optionalArgs\":[\"listen\",\"config_dir\",\"enable_output_schema_extensions\",\"enable_output_generated_sdk\"],\"joinArgs\":true,\"shell\":false,\"port\":9399}"}}
[info] i  dataconnect: Data Connect Emulator logging to dataconnect-debug.log {"metadata":{"emulator":{"name":"dataconnect"},"message":"Data Connect Emulator logging to \u001b[1mdataconnect-debug.log\u001b[22m"}}
[debug] [2025-03-09T02:44:11.554Z] I0308 21:44:09.987646   28068 load.go:37] Reloading schema and connectors...
I0308 21:44:10.019142   28068 control.go:59] [/emulator/great-reads e9c8] UpdateResources(): done
Schema: sources: schema\schema.gql [2348B] 
Connector "default": sources: connector\mutations.gql [1233B] connector\queries.gql [1802B] 
I0308 21:44:10.036311   28068 codegen.go:82] [connector "default" javascriptSdk] Generating sources into "c:\\Users\\mgross10\\GreatReads\\dataconnect-generated\\js\\default-connector"
I0308 21:44:10.044216   28068 collector.go:107] schema extensions wrote into "c:\\Users\\mgross10\\GreatReads\\dataconnect\\.dataconnect\\schema"
Generated sources: prelude.gql [67020B] main\input.gql [4265B] main\relation.gql [211B] main\query.gql [1014B] main\mutation.gql [3161B] 
I0308 21:44:10.046730   28068 collector.go:107] connector "default" javascriptSdk wrote into "c:\\Users\\mgross10\\GreatReads\\dataconnect-generated\\js\\default-connector"
Generated sources: index.d.ts [322B] esm\index.esm.js [111B] esm\package.json [17B] index.cjs.js [147B] package.json [634B] README.md [2800B] 
I0308 21:44:10.093519   28068 installsdk.go:76] Running command: C:\Program Files\nodejs\npm.cmd install file:dataconnect-generated\js\default-connector
 {"metadata":{"emulator":{"name":"dataconnect"},"message":"I0308 21:44:09.987646   28068 load.go:37] Reloading schema and connectors...\nI0308 21:44:10.019142   28068 control.go:59] [/emulator/great-reads e9c8] UpdateResources(): done\nSchema: sources: schema\\schema.gql [2348B] \nConnector \"default\": sources: connector\\mutations.gql [1233B] connector\\queries.gql [1802B] \nI0308 21:44:10.036311   28068 codegen.go:82] [connector \"default\" javascriptSdk] Generating sources into \"c:\\\\Users\\\\mgross10\\\\GreatReads\\\\dataconnect-generated\\\\js\\\\default-connector\"\nI0308 21:44:10.044216   28068 collector.go:107] schema extensions wrote into \"c:\\\\Users\\\\mgross10\\\\GreatReads\\\\dataconnect\\\\.dataconnect\\\\schema\"\nGenerated sources: prelude.gql [67020B] main\\input.gql [4265B] main\\relation.gql [211B] main\\query.gql [1014B] main\\mutation.gql [3161B] \nI0308 21:44:10.046730   28068 collector.go:107] connector \"default\" javascriptSdk wrote into \"c:\\\\Users\\\\mgross10\\\\GreatReads\\\\dataconnect-generated\\\\js\\\\default-connector\"\nGenerated sources: index.d.ts [322B] esm\\index.esm.js [111B] esm\\package.json [17B] index.cjs.js [147B] package.json [634B] README.md [2800B] \nI0308 21:44:10.093519   28068 installsdk.go:76] Running command: C:\\Program Files\\nodejs\\npm.cmd install file:dataconnect-generated\\js\\default-connector\n"}}
[debug] [2025-03-09T02:44:12.985Z] I0308 21:44:12.984766   28068 load.go:115] Finished reloading
 {"metadata":{"emulator":{"name":"dataconnect"},"message":"I0308 21:44:12.984766   28068 load.go:115] Finished reloading\n"}}
[debug] [2025-03-09T02:44:12.998Z] I0308 21:44:12.998782   28068 dev.go:95] Listening on address (HTTP + gRPC): 127.0.0.1:50001
 {"metadata":{"emulator":{"name":"dataconnect"},"message":"I0308 21:44:12.998782   28068 dev.go:95] Listening on address (HTTP + gRPC): 127.0.0.1:50001\n"}}
[debug] [2025-03-09T02:44:13.072Z] I0308 21:44:13.072486   28068 engine.go:148] [/emulator/great-reads e9c8] ExecuteGraphqlRead IntrospectionQuery: succeeded. 
 {"metadata":{"emulator":{"name":"dataconnect"},"message":"I0308 21:44:13.072486   28068 engine.go:148] [/emulator/great-reads e9c8] ExecuteGraphqlRead IntrospectionQuery: succeeded. \n"}}
